# JRE version: Java(TM) SE Runtime Environment (8.0_45-b14) (build 1.8.0_45-b14)
# Java VM: Java HotSpot(TM) 64-Bit Server VM (25.45-b02 mixed mode bsd-amd64 compressed oops)
Heap:
 PSYoungGen      total 30720K, used 3781K [0x0000000780000000, 0x0000000782100000, 0x00000007c0000000)
  eden space 28672K, 11% used [0x0000000780000000,0x00000007803154b0,0x0000000781c00000)
  from space 2048K, 30% used [0x0000000781f00000,0x0000000781f9c010,0x0000000782100000)
  to   space 2560K, 0% used [0x0000000781c00000,0x0000000781c00000,0x0000000781e80000)
 ParOldGen       total 66560K, used 20908K [0x0000000700000000, 0x0000000704100000, 0x0000000780000000)
  object space 66560K, 31% used [0x0000000700000000,0x000000070146b3f8,0x0000000704100000)
 Metaspace       used 46187K, capacity 46582K, committed 46848K, reserved 1091584K
  class space    used 4704K, capacity 4839K, committed 4864K, reserved 1048576K
GC Heap History (10 events):
Event: 486.058 GC heap before
{Heap before GC invocations=94 (full 2):
 PSYoungGen      total 31744K, used 30026K [0x0000000780000000, 0x0000000782200000, 0x00000007c0000000)
  eden space 28672K, 100% used [0x0000000780000000,0x0000000781c00000,0x0000000781c00000)
  from space 3072K, 44% used [0x0000000781c00000,0x0000000781d52960,0x0000000781f00000)
  to   space 3072K, 0% used [0x0000000781f00000,0x0000000781f00000,0x0000000782200000)
 ParOldGen       total 66560K, used 19795K [0x0000000700000000, 0x0000000704100000, 0x0000000780000000)
  object space 66560K, 29% used [0x0000000700000000,0x0000000701354cd0,0x0000000704100000)
 Metaspace       used 45858K, capacity 46308K, committed 46592K, reserved 1091584K
  class space    used 4699K, capacity 4837K, committed 4864K, reserved 1048576K
Event: 486.062 GC heap after
Heap after GC invocations=94 (full 2):
 PSYoungGen      total 31744K, used 1248K [0x0000000780000000, 0x0000000782200000, 0x00000007c0000000)
  eden space 28672K, 0% used [0x0000000780000000,0x0000000780000000,0x0000000781c00000)
  from space 3072K, 40% used [0x0000000781f00000,0x0000000782038000,0x0000000782200000)
  to   space 3072K, 0% used [0x0000000781c00000,0x0000000781c00000,0x0000000781f00000)
 ParOldGen       total 66560K, used 20612K [0x0000000700000000, 0x0000000704100000, 0x0000000780000000)
  object space 66560K, 30% used [0x0000000700000000,0x00000007014213f8,0x0000000704100000)
 Metaspace       used 45858K, capacity 46308K, committed 46592K, reserved 1091584K
  class space    used 4699K, capacity 4837K, committed 4864K, reserved 1048576K
}
Event: 492.345 GC heap before
{Heap before GC invocations=95 (full 2):
 PSYoungGen      total 31744K, used 29920K [0x0000000780000000, 0x0000000782200000, 0x00000007c0000000)
  eden space 28672K, 100% used [0x0000000780000000,0x0000000781c00000,0x0000000781c00000)
  from space 3072K, 40% used [0x0000000781f00000,0x0000000782038000,0x0000000782200000)
  to   space 3072K, 0% used [0x0000000781c00000,0x0000000781c00000,0x0000000781f00000)
 ParOldGen       total 66560K, used 20612K [0x0000000700000000, 0x0000000704100000, 0x0000000780000000)
  object space 66560K, 30% used [0x0000000700000000,0x00000007014213f8,0x0000000704100000)
 Metaspace       used 45992K, capacity 46436K, committed 46592K, reserved 1091584K
  class space    used 4700K, capacity 4837K, committed 4864K, reserved 1048576K
Event: 492.347 GC heap after
Heap after GC invocations=95 (full 2):
 PSYoungGen      total 31744K, used 320K [0x0000000780000000, 0x0000000782200000, 0x00000007c0000000)
  eden space 28672K, 0% used [0x0000000780000000,0x0000000780000000,0x0000000781c00000)
  from space 3072K, 10% used [0x0000000781c00000,0x0000000781c50000,0x0000000781f00000)
  to   space 3072K, 0% used [0x0000000781f00000,0x0000000781f00000,0x0000000782200000)
 ParOldGen       total 66560K, used 20900K [0x0000000700000000, 0x0000000704100000, 0x0000000780000000)
  object space 66560K, 31% used [0x0000000700000000,0x00000007014693f8,0x0000000704100000)
 Metaspace       used 45992K, capacity 46436K, committed 46592K, reserved 1091584K
  class space    used 4700K, capacity 4837K, committed 4864K, reserved 1048576K
}
Event: 507.373 GC heap before
{Heap before GC invocations=96 (full 2):
 PSYoungGen      total 31744K, used 28992K [0x0000000780000000, 0x0000000782200000, 0x00000007c0000000)
  eden space 28672K, 100% used [0x0000000780000000,0x0000000781c00000,0x0000000781c00000)
  from space 3072K, 10% used [0x0000000781c00000,0x0000000781c50000,0x0000000781f00000)
  to   space 3072K, 0% used [0x0000000781f00000,0x0000000781f00000,0x0000000782200000)
 ParOldGen       total 66560K, used 20900K [0x0000000700000000, 0x0000000704100000, 0x0000000780000000)
  object space 66560K, 31% used [0x0000000700000000,0x00000007014693f8,0x0000000704100000)
 Metaspace       used 46060K, capacity 46500K, committed 46592K, reserved 1091584K
  class space    used 4703K, capacity 4837K, committed 4864K, reserved 1048576K
Event: 507.376 GC heap after
Heap after GC invocations=96 (full 2):
 PSYoungGen      total 31744K, used 1304K [0x0000000780000000, 0x0000000782200000, 0x00000007c0000000)
  eden space 28672K, 0% used [0x0000000780000000,0x0000000780000000,0x0000000781c00000)
  from space 3072K, 42% used [0x0000000781f00000,0x0000000782046000,0x0000000782200000)
  to   space 3072K, 0% used [0x0000000781c00000,0x0000000781c00000,0x0000000781f00000)
 ParOldGen       total 66560K, used 20908K [0x0000000700000000, 0x0000000704100000, 0x0000000780000000)
  object space 66560K, 31% used [0x0000000700000000,0x000000070146b3f8,0x0000000704100000)
 Metaspace       used 46060K, capacity 46500K, committed 46592K, reserved 1091584K
  class space    used 4703K, capacity 4837K, committed 4864K, reserved 1048576K
}
Event: 517.505 GC heap before
{Heap before GC invocations=97 (full 2):
 PSYoungGen      total 31744K, used 29976K [0x0000000780000000, 0x0000000782200000, 0x00000007c0000000)
  eden space 28672K, 100% used [0x0000000780000000,0x0000000781c00000,0x0000000781c00000)
  from space 3072K, 42% used [0x0000000781f00000,0x0000000782046000,0x0000000782200000)
  to   space 3072K, 0% used [0x0000000781c00000,0x0000000781c00000,0x0000000781f00000)
 ParOldGen       total 66560K, used 20908K [0x0000000700000000, 0x0000000704100000, 0x0000000780000000)
  object space 66560K, 31% used [0x0000000700000000,0x000000070146b3f8,0x0000000704100000)
 Metaspace       used 46179K, capacity 46582K, committed 46848K, reserved 1091584K
  class space    used 4704K, capacity 4839K, committed 4864K, reserved 1048576K
Event: 517.507 GC heap after
Heap after GC invocations=97 (full 2):
 PSYoungGen      total 31744K, used 688K [0x0000000780000000, 0x0000000782200000, 0x00000007c0000000)
  eden space 28672K, 0% used [0x0000000780000000,0x0000000780000000,0x0000000781c00000)
  from space 3072K, 22% used [0x0000000781c00000,0x0000000781cac010,0x0000000781f00000)
  to   space 3072K, 0% used [0x0000000781f00000,0x0000000781f00000,0x0000000782200000)
 ParOldGen       total 66560K, used 20908K [0x0000000700000000, 0x0000000704100000, 0x0000000780000000)
  object space 66560K, 31% used [0x0000000700000000,0x000000070146b3f8,0x0000000704100000)
 Metaspace       used 46179K, capacity 46582K, committed 46848K, reserved 1091584K
  class space    used 4704K, capacity 4839K, committed 4864K, reserved 1048576K
}
Event: 519.418 GC heap before
{Heap before GC invocations=98 (full 2):
 PSYoungGen      total 31744K, used 29360K [0x0000000780000000, 0x0000000782200000, 0x00000007c0000000)
  eden space 28672K, 100% used [0x0000000780000000,0x0000000781c00000,0x0000000781c00000)
  from space 3072K, 22% used [0x0000000781c00000,0x0000000781cac010,0x0000000781f00000)
  to   space 3072K, 0% used [0x0000000781f00000,0x0000000781f00000,0x0000000782200000)
 ParOldGen       total 66560K, used 20908K [0x0000000700000000, 0x0000000704100000, 0x0000000780000000)
  object space 66560K, 31% used [0x0000000700000000,0x000000070146b3f8,0x0000000704100000)
 Metaspace       used 46183K, capacity 46582K, committed 46848K, reserved 1091584K
  class space    used 4704K, capacity 4839K, committed 4864K, reserved 1048576K
Event: 519.420 GC heap after
Heap after GC invocations=98 (full 2):
 PSYoungGen      total 30720K, used 624K [0x0000000780000000, 0x0000000782100000, 0x00000007c0000000)
  eden space 28672K, 0% used [0x0000000780000000,0x0000000780000000,0x0000000781c00000)
  from space 2048K, 30% used [0x0000000781f00000,0x0000000781f9c010,0x0000000782100000)
  to   space 2560K, 0% used [0x0000000781c00000,0x0000000781c00000,0x0000000781e80000)
 ParOldGen       total 66560K, used 20908K [0x0000000700000000, 0x0000000704100000, 0x0000000780000000)
  object space 66560K, 31% used [0x0000000700000000,0x000000070146b3f8,0x0000000704100000)
 Metaspace       used 46183K, capacity 46582K, committed 46848K, reserved 1091584K
  class space    used 4704K, capacity 4839K, committed 4864K, reserved 1048576K
}

