# JRE version: Java(TM) SE Runtime Environment (8.0_73-b02) (build 1.8.0_73-b02)
# Java VM: Java HotSpot(TM) 64-Bit Server VM (25.73-b02 mixed mode bsd-amd64 compressed oops)
Heap:
 PSYoungGen      total 50176K, used 40959K [0x0000000780000000, 0x0000000783d00000, 0x00000007c0000000)
  eden space 39936K, 98% used [0x0000000780000000,0x000000078264fde8,0x0000000782700000)
  from space 10240K, 16% used [0x0000000783300000,0x00000007834b0000,0x0000000783d00000)
  to   space 11264K, 0% used [0x0000000782700000,0x0000000782700000,0x0000000783200000)
 ParOldGen       total 64000K, used 18301K [0x0000000700000000, 0x0000000703e80000, 0x0000000780000000)
  object space 64000K, 28% used [0x0000000700000000,0x00000007011df548,0x0000000703e80000)
 Metaspace       used 44094K, capacity 44554K, committed 45056K, reserved 1089536K
  class space    used 4481K, capacity 4605K, committed 4608K, reserved 1048576K
GC Heap History (10 events):
Event: 305.492 GC heap before
{Heap before GC invocations=14 (full 2):
 PSYoungGen      total 53760K, used 42624K [0x0000000780000000, 0x0000000784080000, 0x00000007c0000000)
  eden space 42496K, 100% used [0x0000000780000000,0x0000000782980000,0x0000000782980000)
  from space 11264K, 1% used [0x0000000782a00000,0x0000000782a20000,0x0000000783500000)
  to   space 11776K, 0% used [0x0000000783500000,0x0000000783500000,0x0000000784080000)
 ParOldGen       total 64000K, used 17629K [0x0000000700000000, 0x0000000703e80000, 0x0000000780000000)
  object space 64000K, 27% used [0x0000000700000000,0x0000000701137518,0x0000000703e80000)
 Metaspace       used 41940K, capacity 42412K, committed 42880K, reserved 1087488K
  class space    used 4255K, capacity 4369K, committed 4480K, reserved 1048576K
Event: 305.493 GC heap after
Heap after GC invocations=14 (full 2):
 PSYoungGen      total 53248K, used 160K [0x0000000780000000, 0x0000000784000000, 0x00000007c0000000)
  eden space 41984K, 0% used [0x0000000780000000,0x0000000780000000,0x0000000782900000)
  from space 11264K, 1% used [0x0000000783500000,0x0000000783528000,0x0000000784000000)
  to   space 11776K, 0% used [0x0000000782900000,0x0000000782900000,0x0000000783480000)
 ParOldGen       total 64000K, used 17693K [0x0000000700000000, 0x0000000703e80000, 0x0000000780000000)
  object space 64000K, 27% used [0x0000000700000000,0x0000000701147518,0x0000000703e80000)
 Metaspace       used 41940K, capacity 42412K, committed 42880K, reserved 1087488K
  class space    used 4255K, capacity 4369K, committed 4480K, reserved 1048576K
}
Event: 370.973 GC heap before
{Heap before GC invocations=15 (full 2):
 PSYoungGen      total 53248K, used 42144K [0x0000000780000000, 0x0000000784000000, 0x00000007c0000000)
  eden space 41984K, 100% used [0x0000000780000000,0x0000000782900000,0x0000000782900000)
  from space 11264K, 1% used [0x0000000783500000,0x0000000783528000,0x0000000784000000)
  to   space 11776K, 0% used [0x0000000782900000,0x0000000782900000,0x0000000783480000)
 ParOldGen       total 64000K, used 17693K [0x0000000700000000, 0x0000000703e80000, 0x0000000780000000)
  object space 64000K, 27% used [0x0000000700000000,0x0000000701147518,0x0000000703e80000)
 Metaspace       used 43761K, capacity 44210K, committed 44544K, reserved 1089536K
  class space    used 4475K, capacity 4602K, committed 4608K, reserved 1048576K
Event: 370.976 GC heap after
Heap after GC invocations=15 (full 2):
 PSYoungGen      total 48128K, used 6479K [0x0000000780000000, 0x0000000783f80000, 0x00000007c0000000)
  eden space 41472K, 0% used [0x0000000780000000,0x0000000780000000,0x0000000782880000)
  from space 6656K, 97% used [0x0000000782900000,0x0000000782f53c18,0x0000000782f80000)
  to   space 11776K, 0% used [0x0000000783400000,0x0000000783400000,0x0000000783f80000)
 ParOldGen       total 64000K, used 17749K [0x0000000700000000, 0x0000000703e80000, 0x0000000780000000)
  object space 64000K, 27% used [0x0000000700000000,0x0000000701155518,0x0000000703e80000)
 Metaspace       used 43761K, capacity 44210K, committed 44544K, reserved 1089536K
  class space    used 4475K, capacity 4602K, committed 4608K, reserved 1048576K
}
Event: 482.227 GC heap before
{Heap before GC invocations=16 (full 2):
 PSYoungGen      total 48128K, used 47951K [0x0000000780000000, 0x0000000783f80000, 0x00000007c0000000)
  eden space 41472K, 100% used [0x0000000780000000,0x0000000782880000,0x0000000782880000)
  from space 6656K, 97% used [0x0000000782900000,0x0000000782f53c18,0x0000000782f80000)
  to   space 11776K, 0% used [0x0000000783400000,0x0000000783400000,0x0000000783f80000)
 ParOldGen       total 64000K, used 17749K [0x0000000700000000, 0x0000000703e80000, 0x0000000780000000)
  object space 64000K, 27% used [0x0000000700000000,0x0000000701155518,0x0000000703e80000)
 Metaspace       used 43778K, capacity 44210K, committed 44544K, reserved 1089536K
  class space    used 4476K, capacity 4602K, committed 4608K, reserved 1048576K
Event: 482.229 GC heap after
Heap after GC invocations=16 (full 2):
 PSYoungGen      total 52224K, used 6079K [0x0000000780000000, 0x0000000783f00000, 0x00000007c0000000)
  eden space 40960K, 0% used [0x0000000780000000,0x0000000780000000,0x0000000782800000)
  from space 11264K, 53% used [0x0000000783400000,0x00000007839efc28,0x0000000783f00000)
  to   space 11776K, 0% used [0x0000000782800000,0x0000000782800000,0x0000000783380000)
 ParOldGen       total 64000K, used 18141K [0x0000000700000000, 0x0000000703e80000, 0x0000000780000000)
  object space 64000K, 28% used [0x0000000700000000,0x00000007011b7518,0x0000000703e80000)
 Metaspace       used 43778K, capacity 44210K, committed 44544K, reserved 1089536K
  class space    used 4476K, capacity 4602K, committed 4608K, reserved 1048576K
}
Event: 482.555 GC heap before
{Heap before GC invocations=17 (full 2):
 PSYoungGen      total 52224K, used 47039K [0x0000000780000000, 0x0000000783f00000, 0x00000007c0000000)
  eden space 40960K, 100% used [0x0000000780000000,0x0000000782800000,0x0000000782800000)
  from space 11264K, 53% used [0x0000000783400000,0x00000007839efc28,0x0000000783f00000)
  to   space 11776K, 0% used [0x0000000782800000,0x0000000782800000,0x0000000783380000)
 ParOldGen       total 64000K, used 18141K [0x0000000700000000, 0x0000000703e80000, 0x0000000780000000)
  object space 64000K, 28% used [0x0000000700000000,0x00000007011b7518,0x0000000703e80000)
 Metaspace       used 43778K, capacity 44210K, committed 44544K, reserved 1089536K
  class space    used 4476K, capacity 4602K, committed 4608K, reserved 1048576K
Event: 482.557 GC heap after
Heap after GC invocations=17 (full 2):
 PSYoungGen      total 46592K, used 6031K [0x0000000780000000, 0x0000000783e80000, 0x00000007c0000000)
  eden space 40448K, 0% used [0x0000000780000000,0x0000000780000000,0x0000000782780000)
  from space 6144K, 98% used [0x0000000782800000,0x0000000782de3c18,0x0000000782e00000)
  to   space 11776K, 0% used [0x0000000783300000,0x0000000783300000,0x0000000783e80000)
 ParOldGen       total 64000K, used 18293K [0x0000000700000000, 0x0000000703e80000, 0x0000000780000000)
  object space 64000K, 28% used [0x0000000700000000,0x00000007011dd548,0x0000000703e80000)
 Metaspace       used 43778K, capacity 44210K, committed 44544K, reserved 1089536K
  class space    used 4476K, capacity 4602K, committed 4608K, reserved 1048576K
}
Event: 557.155 GC heap before
{Heap before GC invocations=18 (full 2):
 PSYoungGen      total 46592K, used 46479K [0x0000000780000000, 0x0000000783e80000, 0x00000007c0000000)
  eden space 40448K, 100% used [0x0000000780000000,0x0000000782780000,0x0000000782780000)
  from space 6144K, 98% used [0x0000000782800000,0x0000000782de3c18,0x0000000782e00000)
  to   space 11776K, 0% used [0x0000000783300000,0x0000000783300000,0x0000000783e80000)
 ParOldGen       total 64000K, used 18293K [0x0000000700000000, 0x0000000703e80000, 0x0000000780000000)
  object space 64000K, 28% used [0x0000000700000000,0x00000007011dd548,0x0000000703e80000)
 Metaspace       used 43886K, capacity 44338K, committed 44800K, reserved 1089536K
  class space    used 4480K, capacity 4602K, committed 4608K, reserved 1048576K
Event: 557.158 GC heap after
Heap after GC invocations=18 (full 2):
 PSYoungGen      total 50176K, used 1728K [0x0000000780000000, 0x0000000783d00000, 0x00000007c0000000)
  eden space 39936K, 0% used [0x0000000780000000,0x0000000780000000,0x0000000782700000)
  from space 10240K, 16% used [0x0000000783300000,0x00000007834b0000,0x0000000783d00000)
  to   space 11264K, 0% used [0x0000000782700000,0x0000000782700000,0x0000000783200000)
 ParOldGen       total 64000K, used 18301K [0x0000000700000000, 0x0000000703e80000, 0x0000000780000000)
  object space 64000K, 28% used [0x0000000700000000,0x00000007011df548,0x0000000703e80000)
 Metaspace       used 43886K, capacity 44338K, committed 44800K, reserved 1089536K
  class space    used 4480K, capacity 4602K, committed 4608K, reserved 1048576K
}

