# JRE version: Java(TM) SE Runtime Environment (8.0_45-b14) (build 1.8.0_45-b14)
# Java VM: Java HotSpot(TM) 64-Bit Server VM (25.45-b02 mixed mode bsd-amd64 compressed oops)
Heap:
 PSYoungGen      total 123392K, used 102917K [0x0000000780000000, 0x0000000788680000, 0x00000007c0000000)
  eden space 118272K, 85% used [0x0000000780000000,0x0000000786231428,0x0000000787380000)
  from space 5120K, 46% used [0x0000000788180000,0x00000007883d0000,0x0000000788680000)
  to   space 9728K, 0% used [0x0000000787380000,0x0000000787380000,0x0000000787d00000)
 ParOldGen       total 78848K, used 15500K [0x0000000700000000, 0x0000000704d00000, 0x0000000780000000)
  object space 78848K, 19% used [0x0000000700000000,0x0000000700f231c0,0x0000000704d00000)
 Metaspace       used 44498K, capacity 45010K, committed 45184K, reserved 1089536K
  class space    used 4492K, capacity 4616K, committed 4736K, reserved 1048576K
GC Heap History (10 events):
Event: 27.098 GC heap before
{Heap before GC invocations=8 (full 2):
 PSYoungGen      total 57344K, used 49152K [0x0000000780000000, 0x0000000786400000, 0x00000007c0000000)
  eden space 49152K, 100% used [0x0000000780000000,0x0000000783000000,0x0000000783000000)
  from space 8192K, 0% used [0x0000000783000000,0x0000000783000000,0x0000000783800000)
  to   space 10752K, 0% used [0x0000000785980000,0x0000000785980000,0x0000000786400000)
 ParOldGen       total 78848K, used 13140K [0x0000000700000000, 0x0000000704d00000, 0x0000000780000000)
  object space 78848K, 16% used [0x0000000700000000,0x0000000700cd5280,0x0000000704d00000)
 Metaspace       used 41574K, capacity 41870K, committed 41984K, reserved 1087488K
  class space    used 4255K, capacity 4347K, committed 4352K, reserved 1048576K
Event: 27.105 GC heap after
Heap after GC invocations=8 (full 2):
 PSYoungGen      total 87552K, used 5677K [0x0000000780000000, 0x0000000786100000, 0x00000007c0000000)
  eden space 79872K, 0% used [0x0000000780000000,0x0000000780000000,0x0000000784e00000)
  from space 7680K, 73% used [0x0000000785980000,0x0000000785f0b4b8,0x0000000786100000)
  to   space 9728K, 0% used [0x0000000784e00000,0x0000000784e00000,0x0000000785780000)
 ParOldGen       total 78848K, used 13148K [0x0000000700000000, 0x0000000704d00000, 0x0000000780000000)
  object space 78848K, 16% used [0x0000000700000000,0x0000000700cd7280,0x0000000704d00000)
 Metaspace       used 41574K, capacity 41870K, committed 41984K, reserved 1087488K
  class space    used 4255K, capacity 4347K, committed 4352K, reserved 1048576K
}
Event: 27.688 GC heap before
{Heap before GC invocations=9 (full 2):
 PSYoungGen      total 87552K, used 85549K [0x0000000780000000, 0x0000000786100000, 0x00000007c0000000)
  eden space 79872K, 100% used [0x0000000780000000,0x0000000784e00000,0x0000000784e00000)
  from space 7680K, 73% used [0x0000000785980000,0x0000000785f0b4b8,0x0000000786100000)
  to   space 9728K, 0% used [0x0000000784e00000,0x0000000784e00000,0x0000000785780000)
 ParOldGen       total 78848K, used 13148K [0x0000000700000000, 0x0000000704d00000, 0x0000000780000000)
  object space 78848K, 16% used [0x0000000700000000,0x0000000700cd7280,0x0000000704d00000)
 Metaspace       used 41719K, capacity 41998K, committed 42240K, reserved 1087488K
  class space    used 4255K, capacity 4347K, committed 4352K, reserved 1048576K
Event: 27.695 GC heap after
Heap after GC invocations=9 (full 2):
 PSYoungGen      total 89600K, used 2860K [0x0000000780000000, 0x0000000789480000, 0x00000007c0000000)
  eden space 79872K, 0% used [0x0000000780000000,0x0000000780000000,0x0000000784e00000)
  from space 9728K, 29% used [0x0000000784e00000,0x00000007850cb328,0x0000000785780000)
  to   space 10240K, 0% used [0x0000000788a80000,0x0000000788a80000,0x0000000789480000)
 ParOldGen       total 78848K, used 13148K [0x0000000700000000, 0x0000000704d00000, 0x0000000780000000)
  object space 78848K, 16% used [0x0000000700000000,0x0000000700cd7280,0x0000000704d00000)
 Metaspace       used 41719K, capacity 41998K, committed 42240K, reserved 1087488K
  class space    used 4255K, capacity 4347K, committed 4352K, reserved 1048576K
}
Event: 91.500 GC heap before
{Heap before GC invocations=10 (full 2):
 PSYoungGen      total 89600K, used 82732K [0x0000000780000000, 0x0000000789480000, 0x00000007c0000000)
  eden space 79872K, 100% used [0x0000000780000000,0x0000000784e00000,0x0000000784e00000)
  from space 9728K, 29% used [0x0000000784e00000,0x00000007850cb328,0x0000000785780000)
  to   space 10240K, 0% used [0x0000000788a80000,0x0000000788a80000,0x0000000789480000)
 ParOldGen       total 78848K, used 13148K [0x0000000700000000, 0x0000000704d00000, 0x0000000780000000)
  object space 78848K, 16% used [0x0000000700000000,0x0000000700cd7280,0x0000000704d00000)
 Metaspace       used 43857K, capacity 44264K, committed 44416K, reserved 1089536K
  class space    used 4482K, capacity 4610K, committed 4736K, reserved 1048576K
Event: 91.506 GC heap after
Heap after GC invocations=10 (full 2):
 PSYoungGen      total 130560K, used 4515K [0x0000000780000000, 0x0000000788f00000, 0x00000007c0000000)
  eden space 125952K, 0% used [0x0000000780000000,0x0000000780000000,0x0000000787b00000)
  from space 4608K, 97% used [0x0000000788a80000,0x0000000788ee8d30,0x0000000788f00000)
  to   space 9728K, 0% used [0x0000000787c00000,0x0000000787c00000,0x0000000788580000)
 ParOldGen       total 78848K, used 13175K [0x0000000700000000, 0x0000000704d00000, 0x0000000780000000)
  object space 78848K, 16% used [0x0000000700000000,0x0000000700cdded0,0x0000000704d00000)
 Metaspace       used 43857K, capacity 44264K, committed 44416K, reserved 1089536K
  class space    used 4482K, capacity 4610K, committed 4736K, reserved 1048576K
}
Event: 130.340 GC heap before
{Heap before GC invocations=11 (full 2):
 PSYoungGen      total 130560K, used 130467K [0x0000000780000000, 0x0000000788f00000, 0x00000007c0000000)
  eden space 125952K, 100% used [0x0000000780000000,0x0000000787b00000,0x0000000787b00000)
  from space 4608K, 97% used [0x0000000788a80000,0x0000000788ee8d30,0x0000000788f00000)
  to   space 9728K, 0% used [0x0000000787c00000,0x0000000787c00000,0x0000000788580000)
 ParOldGen       total 78848K, used 13175K [0x0000000700000000, 0x0000000704d00000, 0x0000000780000000)
  object space 78848K, 16% used [0x0000000700000000,0x0000000700cdded0,0x0000000704d00000)
 Metaspace       used 44133K, capacity 44602K, committed 44928K, reserved 1089536K
  class space    used 4485K, capacity 4613K, committed 4736K, reserved 1048576K
Event: 130.346 GC heap after
Heap after GC invocations=11 (full 2):
 PSYoungGen      total 123904K, used 1728K [0x0000000780000000, 0x0000000788b00000, 0x00000007c0000000)
  eden space 121856K, 0% used [0x0000000780000000,0x0000000780000000,0x0000000787700000)
  from space 2048K, 84% used [0x0000000787c00000,0x0000000787db0000,0x0000000787e00000)
  to   space 9728K, 0% used [0x0000000788180000,0x0000000788180000,0x0000000788b00000)
 ParOldGen       total 78848K, used 15428K [0x0000000700000000, 0x0000000704d00000, 0x0000000780000000)
  object space 78848K, 19% used [0x0000000700000000,0x0000000700f11180,0x0000000704d00000)
 Metaspace       used 44133K, capacity 44602K, committed 44928K, reserved 1089536K
  class space    used 4485K, capacity 4613K, committed 4736K, reserved 1048576K
}
Event: 225.562 GC heap before
{Heap before GC invocations=12 (full 2):
 PSYoungGen      total 123904K, used 123584K [0x0000000780000000, 0x0000000788b00000, 0x00000007c0000000)
  eden space 121856K, 100% used [0x0000000780000000,0x0000000787700000,0x0000000787700000)
  from space 2048K, 84% used [0x0000000787c00000,0x0000000787db0000,0x0000000787e00000)
  to   space 9728K, 0% used [0x0000000788180000,0x0000000788180000,0x0000000788b00000)
 ParOldGen       total 78848K, used 15428K [0x0000000700000000, 0x0000000704d00000, 0x0000000780000000)
  object space 78848K, 19% used [0x0000000700000000,0x0000000700f11180,0x0000000704d00000)
 Metaspace       used 44405K, capacity 44946K, committed 45184K, reserved 1089536K
  class space    used 4490K, capacity 4616K, committed 4736K, reserved 1048576K
Event: 225.565 GC heap after
Heap after GC invocations=12 (full 2):
 PSYoungGen      total 123392K, used 2368K [0x0000000780000000, 0x0000000788680000, 0x00000007c0000000)
  eden space 118272K, 0% used [0x0000000780000000,0x0000000780000000,0x0000000787380000)
  from space 5120K, 46% used [0x0000000788180000,0x00000007883d0000,0x0000000788680000)
  to   space 9728K, 0% used [0x0000000787380000,0x0000000787380000,0x0000000787d00000)
 ParOldGen       total 78848K, used 15500K [0x0000000700000000, 0x0000000704d00000, 0x0000000780000000)
  object space 78848K, 19% used [0x0000000700000000,0x0000000700f231c0,0x0000000704d00000)
 Metaspace       used 44405K, capacity 44946K, committed 45184K, reserved 1089536K
  class space    used 4490K, capacity 4616K, committed 4736K, reserved 1048576K
}

