# JRE version: Java(TM) SE Runtime Environment (8.0_65-b17) (build 1.8.0_65-b17)
# Java VM: Java HotSpot(TM) 64-Bit Server VM (25.65-b01 mixed mode bsd-amd64 compressed oops)
Heap:
 PSYoungGen      total 28672K, used 19180K [0x0000000780000000, 0x0000000782600000, 0x00000007c0000000)
  eden space 26112K, 63% used [0x0000000780000000,0x00000007810419c0,0x0000000781980000)
  from space 2560K, 98% used [0x0000000781980000,0x0000000781bf9978,0x0000000781c00000)
  to   space 3584K, 0% used [0x0000000782280000,0x0000000782280000,0x0000000782600000)
 ParOldGen       total 64000K, used 23604K [0x0000000700000000, 0x0000000703e80000, 0x0000000780000000)
  object space 64000K, 36% used [0x0000000700000000,0x000000070170d188,0x0000000703e80000)
 Metaspace       used 51542K, capacity 52010K, committed 52264K, reserved 1095680K
  class space    used 5267K, capacity 5390K, committed 5416K, reserved 1048576K
GC Heap History (10 events):
Event: 4721.474 GC heap before
{Heap before GC invocations=429 (full 2):
 PSYoungGen      total 29184K, used 26304K [0x0000000780000000, 0x0000000781f80000, 0x00000007c0000000)
  eden space 26112K, 100% used [0x0000000780000000,0x0000000781980000,0x0000000781980000)
  from space 3072K, 6% used [0x0000000781c80000,0x0000000781cb0000,0x0000000781f80000)
  to   space 3072K, 0% used [0x0000000781980000,0x0000000781980000,0x0000000781c80000)
 ParOldGen       total 64000K, used 22187K [0x0000000700000000, 0x0000000703e80000, 0x0000000780000000)
  object space 64000K, 34% used [0x0000000700000000,0x00000007015aae58,0x0000000703e80000)
 Metaspace       used 46183K, capacity 46582K, committed 46888K, reserved 1091584K
  class space    used 4725K, capacity 4868K, committed 4904K, reserved 1048576K
Event: 4721.476 GC heap after
Heap after GC invocations=429 (full 2):
 PSYoungGen      total 29184K, used 384K [0x0000000780000000, 0x0000000781f80000, 0x00000007c0000000)
  eden space 26112K, 0% used [0x0000000780000000,0x0000000780000000,0x0000000781980000)
  from space 3072K, 12% used [0x0000000781980000,0x00000007819e0000,0x0000000781c80000)
  to   space 3072K, 0% used [0x0000000781c80000,0x0000000781c80000,0x0000000781f80000)
 ParOldGen       total 64000K, used 22211K [0x0000000700000000, 0x0000000703e80000, 0x0000000780000000)
  object space 64000K, 34% used [0x0000000700000000,0x00000007015b0e58,0x0000000703e80000)
 Metaspace       used 46183K, capacity 46582K, committed 46888K, reserved 1091584K
  class space    used 4725K, capacity 4868K, committed 4904K, reserved 1048576K
}
Event: 4721.699 GC heap before
{Heap before GC invocations=430 (full 2):
 PSYoungGen      total 29184K, used 26496K [0x0000000780000000, 0x0000000781f80000, 0x00000007c0000000)
  eden space 26112K, 100% used [0x0000000780000000,0x0000000781980000,0x0000000781980000)
  from space 3072K, 12% used [0x0000000781980000,0x00000007819e0000,0x0000000781c80000)
  to   space 3072K, 0% used [0x0000000781c80000,0x0000000781c80000,0x0000000781f80000)
 ParOldGen       total 64000K, used 22211K [0x0000000700000000, 0x0000000703e80000, 0x0000000780000000)
  object space 64000K, 34% used [0x0000000700000000,0x00000007015b0e58,0x0000000703e80000)
 Metaspace       used 46237K, capacity 46652K, committed 47144K, reserved 1091584K
  class space    used 4726K, capacity 4869K, committed 4904K, reserved 1048576K
Event: 4721.700 GC heap after
Heap after GC invocations=430 (full 2):
 PSYoungGen      total 28160K, used 352K [0x0000000780000000, 0x0000000781e80000, 0x00000007c0000000)
  eden space 26112K, 0% used [0x0000000780000000,0x0000000780000000,0x0000000781980000)
  from space 2048K, 17% used [0x0000000781c80000,0x0000000781cd8000,0x0000000781e80000)
  to   space 2560K, 0% used [0x0000000781980000,0x0000000781980000,0x0000000781c00000)
 ParOldGen       total 64000K, used 22235K [0x0000000700000000, 0x0000000703e80000, 0x0000000780000000)
  object space 64000K, 34% used [0x0000000700000000,0x00000007015b6e58,0x0000000703e80000)
 Metaspace       used 46237K, capacity 46652K, committed 47144K, reserved 1091584K
  class space    used 4726K, capacity 4869K, committed 4904K, reserved 1048576K
}
Event: 4721.850 GC heap before
{Heap before GC invocations=431 (full 2):
 PSYoungGen      total 28160K, used 26464K [0x0000000780000000, 0x0000000781e80000, 0x00000007c0000000)
  eden space 26112K, 100% used [0x0000000780000000,0x0000000781980000,0x0000000781980000)
  from space 2048K, 17% used [0x0000000781c80000,0x0000000781cd8000,0x0000000781e80000)
  to   space 2560K, 0% used [0x0000000781980000,0x0000000781980000,0x0000000781c00000)
 ParOldGen       total 64000K, used 22235K [0x0000000700000000, 0x0000000703e80000, 0x0000000780000000)
  object space 64000K, 34% used [0x0000000700000000,0x00000007015b6e58,0x0000000703e80000)
 Metaspace       used 46435K, capacity 46844K, committed 47144K, reserved 1091584K
  class space    used 4744K, capacity 4869K, committed 4904K, reserved 1048576K
Event: 4721.852 GC heap after
Heap after GC invocations=431 (full 2):
 PSYoungGen      total 28672K, used 352K [0x0000000780000000, 0x0000000781e80000, 0x00000007c0000000)
  eden space 26112K, 0% used [0x0000000780000000,0x0000000780000000,0x0000000781980000)
  from space 2560K, 13% used [0x0000000781980000,0x00000007819d8000,0x0000000781c00000)
  to   space 2560K, 0% used [0x0000000781c00000,0x0000000781c00000,0x0000000781e80000)
 ParOldGen       total 64000K, used 22504K [0x0000000700000000, 0x0000000703e80000, 0x0000000780000000)
  object space 64000K, 35% used [0x0000000700000000,0x00000007015fa1d0,0x0000000703e80000)
 Metaspace       used 46435K, capacity 46844K, committed 47144K, reserved 1091584K
  class space    used 4744K, capacity 4869K, committed 4904K, reserved 1048576K
}
Event: 4721.902 GC heap before
{Heap before GC invocations=432 (full 2):
 PSYoungGen      total 28672K, used 26455K [0x0000000780000000, 0x0000000781e80000, 0x00000007c0000000)
  eden space 26112K, 99% used [0x0000000780000000,0x000000078197dc80,0x0000000781980000)
  from space 2560K, 13% used [0x0000000781980000,0x00000007819d8000,0x0000000781c00000)
  to   space 2560K, 0% used [0x0000000781c00000,0x0000000781c00000,0x0000000781e80000)
 ParOldGen       total 64000K, used 22504K [0x0000000700000000, 0x0000000703e80000, 0x0000000780000000)
  object space 64000K, 35% used [0x0000000700000000,0x00000007015fa1d0,0x0000000703e80000)
 Metaspace       used 46504K, capacity 46932K, committed 47400K, reserved 1091584K
  class space    used 4750K, capacity 4873K, committed 4904K, reserved 1048576K
Event: 4721.904 GC heap after
Heap after GC invocations=432 (full 2):
 PSYoungGen      total 28672K, used 426K [0x0000000780000000, 0x0000000782400000, 0x00000007c0000000)
  eden space 26112K, 0% used [0x0000000780000000,0x0000000780000000,0x0000000781980000)
  from space 2560K, 16% used [0x0000000781c00000,0x0000000781c6ab38,0x0000000781e80000)
  to   space 2560K, 0% used [0x0000000781980000,0x0000000781980000,0x0000000781c00000)
 ParOldGen       total 64000K, used 22680K [0x0000000700000000, 0x0000000703e80000, 0x0000000780000000)
  object space 64000K, 35% used [0x0000000700000000,0x00000007016261d0,0x0000000703e80000)
 Metaspace       used 46504K, capacity 46932K, committed 47400K, reserved 1091584K
  class space    used 4750K, capacity 4873K, committed 4904K, reserved 1048576K
}
Event: 4765.165 GC heap before
{Heap before GC invocations=433 (full 2):
 PSYoungGen      total 28672K, used 26538K [0x0000000780000000, 0x0000000782400000, 0x00000007c0000000)
  eden space 26112K, 100% used [0x0000000780000000,0x0000000781980000,0x0000000781980000)
  from space 2560K, 16% used [0x0000000781c00000,0x0000000781c6ab38,0x0000000781e80000)
  to   space 2560K, 0% used [0x0000000781980000,0x0000000781980000,0x0000000781c00000)
 ParOldGen       total 64000K, used 22680K [0x0000000700000000, 0x0000000703e80000, 0x0000000780000000)
  object space 64000K, 35% used [0x0000000700000000,0x00000007016261d0,0x0000000703e80000)
 Metaspace       used 49885K, capacity 50346K, committed 50600K, reserved 1095680K
  class space    used 5111K, capacity 5262K, committed 5288K, reserved 1048576K
Event: 4765.169 GC heap after
Heap after GC invocations=433 (full 2):
 PSYoungGen      total 28672K, used 2534K [0x0000000780000000, 0x0000000782600000, 0x00000007c0000000)
  eden space 26112K, 0% used [0x0000000780000000,0x0000000780000000,0x0000000781980000)
  from space 2560K, 98% used [0x0000000781980000,0x0000000781bf9978,0x0000000781c00000)
  to   space 3584K, 0% used [0x0000000782280000,0x0000000782280000,0x0000000782600000)
 ParOldGen       total 64000K, used 23604K [0x0000000700000000, 0x0000000703e80000, 0x0000000780000000)
  object space 64000K, 36% used [0x0000000700000000,0x000000070170d188,0x0000000703e80000)
 Metaspace       used 49885K, capacity 50346K, committed 50600K, reserved 1095680K
  class space    used 5111K, capacity 5262K, committed 5288K, reserved 1048576K
}

