# JRE version: Java(TM) SE Runtime Environment (8.0_45-b14) (build 1.8.0_45-b14)
# Java VM: Java HotSpot(TM) 64-Bit Server VM (25.45-b02 mixed mode bsd-amd64 compressed oops)
Heap:
 PSYoungGen      total 70144K, used 45919K [0x0000000780000000, 0x0000000787280000, 0x00000007c0000000)
  eden space 67072K, 64% used [0x0000000780000000,0x0000000782a3c428,0x0000000784180000)
  from space 3072K, 86% used [0x0000000786f80000,0x000000078721b848,0x0000000787280000)
  to   space 9728K, 0% used [0x0000000785f80000,0x0000000785f80000,0x0000000786900000)
 ParOldGen       total 68608K, used 13194K [0x0000000700000000, 0x0000000704300000, 0x0000000780000000)
  object space 68608K, 19% used [0x0000000700000000,0x0000000700ce2ab8,0x0000000704300000)
 Metaspace       used 42384K, capacity 42652K, committed 42880K, reserved 1087488K
  class space    used 4263K, capacity 4358K, committed 4480K, reserved 1048576K
GC Heap History (10 events):
Event: 40.244 GC heap before
{Heap before GC invocations=10 (full 1):
 PSYoungGen      total 54272K, used 23933K [0x0000000780000000, 0x0000000783f00000, 0x00000007c0000000)
  eden space 45056K, 40% used [0x0000000780000000,0x00000007811aa9b0,0x0000000782c00000)
  from space 9216K, 63% used [0x0000000783600000,0x0000000783bb4db0,0x0000000783f00000)
  to   space 9728K, 0% used [0x0000000782c00000,0x0000000782c00000,0x0000000783580000)
 ParOldGen       total 57856K, used 8075K [0x0000000700000000, 0x0000000703880000, 0x0000000780000000)
  object space 57856K, 13% used [0x0000000700000000,0x00000007007e2f50,0x0000000703880000)
 Metaspace       used 35049K, capacity 35344K, committed 35456K, reserved 1081344K
  class space    used 3573K, capacity 3695K, committed 3712K, reserved 1048576K
Event: 40.250 GC heap after
Heap after GC invocations=10 (full 1):
 PSYoungGen      total 54784K, used 7230K [0x0000000780000000, 0x0000000785780000, 0x00000007c0000000)
  eden space 45056K, 0% used [0x0000000780000000,0x0000000780000000,0x0000000782c00000)
  from space 9728K, 74% used [0x0000000782c00000,0x000000078330fa68,0x0000000783580000)
  to   space 10240K, 0% used [0x0000000784d80000,0x0000000784d80000,0x0000000785780000)
 ParOldGen       total 57856K, used 8147K [0x0000000700000000, 0x0000000703880000, 0x0000000780000000)
  object space 57856K, 14% used [0x0000000700000000,0x00000007007f4f60,0x0000000703880000)
 Metaspace       used 35049K, capacity 35344K, committed 35456K, reserved 1081344K
  class space    used 3573K, capacity 3695K, committed 3712K, reserved 1048576K
}
Event: 40.250 GC heap before
{Heap before GC invocations=11 (full 2):
 PSYoungGen      total 54784K, used 7230K [0x0000000780000000, 0x0000000785780000, 0x00000007c0000000)
  eden space 45056K, 0% used [0x0000000780000000,0x0000000780000000,0x0000000782c00000)
  from space 9728K, 74% used [0x0000000782c00000,0x000000078330fa68,0x0000000783580000)
  to   space 10240K, 0% used [0x0000000784d80000,0x0000000784d80000,0x0000000785780000)
 ParOldGen       total 57856K, used 8147K [0x0000000700000000, 0x0000000703880000, 0x0000000780000000)
  object space 57856K, 14% used [0x0000000700000000,0x00000007007f4f60,0x0000000703880000)
 Metaspace       used 35049K, capacity 35344K, committed 35456K, reserved 1081344K
  class space    used 3573K, capacity 3695K, committed 3712K, reserved 1048576K
Event: 40.288 GC heap after
Heap after GC invocations=11 (full 2):
 PSYoungGen      total 54784K, used 0K [0x0000000780000000, 0x0000000785780000, 0x00000007c0000000)
  eden space 45056K, 0% used [0x0000000780000000,0x0000000780000000,0x0000000782c00000)
  from space 9728K, 0% used [0x0000000782c00000,0x0000000782c00000,0x0000000783580000)
  to   space 10240K, 0% used [0x0000000784d80000,0x0000000784d80000,0x0000000785780000)
 ParOldGen       total 68608K, used 13151K [0x0000000700000000, 0x0000000704300000, 0x0000000780000000)
  object space 68608K, 19% used [0x0000000700000000,0x0000000700cd7e68,0x0000000704300000)
 Metaspace       used 35049K, capacity 35344K, committed 35456K, reserved 1081344K
  class space    used 3573K, capacity 3695K, committed 3712K, reserved 1048576K
}
Event: 50.575 GC heap before
{Heap before GC invocations=12 (full 2):
 PSYoungGen      total 54784K, used 45056K [0x0000000780000000, 0x0000000785780000, 0x00000007c0000000)
  eden space 45056K, 100% used [0x0000000780000000,0x0000000782c00000,0x0000000782c00000)
  from space 9728K, 0% used [0x0000000782c00000,0x0000000782c00000,0x0000000783580000)
  to   space 10240K, 0% used [0x0000000784d80000,0x0000000784d80000,0x0000000785780000)
 ParOldGen       total 68608K, used 13151K [0x0000000700000000, 0x0000000704300000, 0x0000000780000000)
  object space 68608K, 19% used [0x0000000700000000,0x0000000700cd7e68,0x0000000704300000)
 Metaspace       used 41566K, capacity 41870K, committed 41984K, reserved 1087488K
  class space    used 4256K, capacity 4347K, committed 4352K, reserved 1048576K
Event: 50.582 GC heap after
Heap after GC invocations=12 (full 2):
 PSYoungGen      total 78336K, used 5317K [0x0000000780000000, 0x0000000785700000, 0x00000007c0000000)
  eden space 68608K, 0% used [0x0000000780000000,0x0000000780000000,0x0000000784300000)
  from space 9728K, 54% used [0x0000000784d80000,0x00000007852b16f8,0x0000000785700000)
  to   space 10240K, 0% used [0x0000000784300000,0x0000000784300000,0x0000000784d00000)
 ParOldGen       total 68608K, used 13159K [0x0000000700000000, 0x0000000704300000, 0x0000000780000000)
  object space 68608K, 19% used [0x0000000700000000,0x0000000700cd9e68,0x0000000704300000)
 Metaspace       used 41566K, capacity 41870K, committed 41984K, reserved 1087488K
  class space    used 4256K, capacity 4347K, committed 4352K, reserved 1048576K
}
Event: 51.155 GC heap before
{Heap before GC invocations=13 (full 2):
 PSYoungGen      total 78336K, used 73925K [0x0000000780000000, 0x0000000785700000, 0x00000007c0000000)
  eden space 68608K, 100% used [0x0000000780000000,0x0000000784300000,0x0000000784300000)
  from space 9728K, 54% used [0x0000000784d80000,0x00000007852b16f8,0x0000000785700000)
  to   space 10240K, 0% used [0x0000000784300000,0x0000000784300000,0x0000000784d00000)
 ParOldGen       total 68608K, used 13159K [0x0000000700000000, 0x0000000704300000, 0x0000000780000000)
  object space 68608K, 19% used [0x0000000700000000,0x0000000700cd9e68,0x0000000704300000)
 Metaspace       used 41745K, capacity 41998K, committed 42240K, reserved 1087488K
  class space    used 4257K, capacity 4347K, committed 4352K, reserved 1048576K
Event: 51.160 GC heap after
Heap after GC invocations=13 (full 2):
 PSYoungGen      total 78848K, used 2686K [0x0000000780000000, 0x0000000787900000, 0x00000007c0000000)
  eden space 68608K, 0% used [0x0000000780000000,0x0000000780000000,0x0000000784300000)
  from space 10240K, 26% used [0x0000000784300000,0x000000078459f858,0x0000000784d00000)
  to   space 9728K, 0% used [0x0000000786f80000,0x0000000786f80000,0x0000000787900000)
 ParOldGen       total 68608K, used 13167K [0x0000000700000000, 0x0000000704300000, 0x0000000780000000)
  object space 68608K, 19% used [0x0000000700000000,0x0000000700cdbe68,0x0000000704300000)
 Metaspace       used 41745K, capacity 41998K, committed 42240K, reserved 1087488K
  class space    used 4257K, capacity 4347K, committed 4352K, reserved 1048576K
}
Event: 62.995 GC heap before
{Heap before GC invocations=14 (full 2):
 PSYoungGen      total 78848K, used 71294K [0x0000000780000000, 0x0000000787900000, 0x00000007c0000000)
  eden space 68608K, 100% used [0x0000000780000000,0x0000000784300000,0x0000000784300000)
  from space 10240K, 26% used [0x0000000784300000,0x000000078459f858,0x0000000784d00000)
  to   space 9728K, 0% used [0x0000000786f80000,0x0000000786f80000,0x0000000787900000)
 ParOldGen       total 68608K, used 13167K [0x0000000700000000, 0x0000000704300000, 0x0000000780000000)
  object space 68608K, 19% used [0x0000000700000000,0x0000000700cdbe68,0x0000000704300000)
 Metaspace       used 42121K, capacity 42436K, committed 42624K, reserved 1087488K
  class space    used 4261K, capacity 4355K, committed 4480K, reserved 1048576K
Event: 63.000 GC heap after
Heap after GC invocations=14 (full 2):
 PSYoungGen      total 70144K, used 2670K [0x0000000780000000, 0x0000000787280000, 0x00000007c0000000)
  eden space 67072K, 0% used [0x0000000780000000,0x0000000780000000,0x0000000784180000)
  from space 3072K, 86% used [0x0000000786f80000,0x000000078721b848,0x0000000787280000)
  to   space 9728K, 0% used [0x0000000785f80000,0x0000000785f80000,0x0000000786900000)
 ParOldGen       total 68608K, used 13194K [0x0000000700000000, 0x0000000704300000, 0x0000000780000000)
  object space 68608K, 19% used [0x0000000700000000,0x0000000700ce2ab8,0x0000000704300000)
 Metaspace       used 42121K, capacity 42436K, committed 42624K, reserved 1087488K
  class space    used 4261K, capacity 4355K, committed 4480K, reserved 1048576K
}

