# JRE version: Java(TM) SE Runtime Environment (8.0_65-b17) (build 1.8.0_65-b17)
# Java VM: Java HotSpot(TM) 64-Bit Server VM (25.65-b01 mixed mode bsd-amd64 compressed oops)
Heap:
 PSYoungGen      total 30720K, used 15302K [0x0000000780000000, 0x0000000782300000, 0x00000007c0000000)
  eden space 28672K, 46% used [0x0000000780000000,0x0000000780cf4e68,0x0000000781c00000)
  from space 2048K, 99% used [0x0000000781f00000,0x00000007820fcd58,0x0000000782100000)
  to   space 3072K, 0% used [0x0000000781c00000,0x0000000781c00000,0x0000000781f00000)
 ParOldGen       total 62976K, used 22484K [0x0000000700000000, 0x0000000703d80000, 0x0000000780000000)
  object space 62976K, 35% used [0x0000000700000000,0x00000007015f5020,0x0000000703d80000)
 Metaspace       used 47272K, capacity 47592K, committed 47872K, reserved 1091584K
  class space    used 4706K, capacity 4822K, committed 4864K, reserved 1048576K
GC Heap History (10 events):
Event: 659.883 GC heap before
{Heap before GC invocations=108 (full 2):
 PSYoungGen      total 27136K, used 24672K [0x0000000780000000, 0x0000000781d00000, 0x00000007c0000000)
  eden space 24576K, 100% used [0x0000000780000000,0x0000000781800000,0x0000000781800000)
  from space 2560K, 3% used [0x0000000781800000,0x0000000781818000,0x0000000781a80000)
  to   space 2560K, 0% used [0x0000000781a80000,0x0000000781a80000,0x0000000781d00000)
 ParOldGen       total 62976K, used 21395K [0x0000000700000000, 0x0000000703d80000, 0x0000000780000000)
  object space 62976K, 33% used [0x0000000700000000,0x00000007014e4cc0,0x0000000703d80000)
 Metaspace       used 44301K, capacity 44602K, committed 45056K, reserved 1089536K
  class space    used 4453K, capacity 4557K, committed 4608K, reserved 1048576K
Event: 659.884 GC heap after
Heap after GC invocations=108 (full 2):
 PSYoungGen      total 27136K, used 320K [0x0000000780000000, 0x0000000781d00000, 0x00000007c0000000)
  eden space 24576K, 0% used [0x0000000780000000,0x0000000780000000,0x0000000781800000)
  from space 2560K, 12% used [0x0000000781a80000,0x0000000781ad0000,0x0000000781d00000)
  to   space 2560K, 0% used [0x0000000781800000,0x0000000781800000,0x0000000781a80000)
 ParOldGen       total 62976K, used 21403K [0x0000000700000000, 0x0000000703d80000, 0x0000000780000000)
  object space 62976K, 33% used [0x0000000700000000,0x00000007014e6cc0,0x0000000703d80000)
 Metaspace       used 44301K, capacity 44602K, committed 45056K, reserved 1089536K
  class space    used 4453K, capacity 4557K, committed 4608K, reserved 1048576K
}
Event: 659.985 GC heap before
{Heap before GC invocations=109 (full 2):
 PSYoungGen      total 27136K, used 24896K [0x0000000780000000, 0x0000000781d00000, 0x00000007c0000000)
  eden space 24576K, 100% used [0x0000000780000000,0x0000000781800000,0x0000000781800000)
  from space 2560K, 12% used [0x0000000781a80000,0x0000000781ad0000,0x0000000781d00000)
  to   space 2560K, 0% used [0x0000000781800000,0x0000000781800000,0x0000000781a80000)
 ParOldGen       total 62976K, used 21403K [0x0000000700000000, 0x0000000703d80000, 0x0000000780000000)
  object space 62976K, 33% used [0x0000000700000000,0x00000007014e6cc0,0x0000000703d80000)
 Metaspace       used 44448K, capacity 44832K, committed 45056K, reserved 1089536K
  class space    used 4466K, capacity 4590K, committed 4608K, reserved 1048576K
Event: 659.988 GC heap after
Heap after GC invocations=109 (full 2):
 PSYoungGen      total 25088K, used 224K [0x0000000780000000, 0x0000000781c00000, 0x00000007c0000000)
  eden space 24576K, 0% used [0x0000000780000000,0x0000000780000000,0x0000000781800000)
  from space 512K, 43% used [0x0000000781800000,0x0000000781838000,0x0000000781880000)
  to   space 2048K, 0% used [0x0000000781a00000,0x0000000781a00000,0x0000000781c00000)
 ParOldGen       total 62976K, used 21643K [0x0000000700000000, 0x0000000703d80000, 0x0000000780000000)
  object space 62976K, 34% used [0x0000000700000000,0x0000000701522ce0,0x0000000703d80000)
 Metaspace       used 44448K, capacity 44832K, committed 45056K, reserved 1089536K
  class space    used 4466K, capacity 4590K, committed 4608K, reserved 1048576K
}
Event: 660.033 GC heap before
{Heap before GC invocations=110 (full 2):
 PSYoungGen      total 25088K, used 24800K [0x0000000780000000, 0x0000000781c00000, 0x00000007c0000000)
  eden space 24576K, 100% used [0x0000000780000000,0x0000000781800000,0x0000000781800000)
  from space 512K, 43% used [0x0000000781800000,0x0000000781838000,0x0000000781880000)
  to   space 2048K, 0% used [0x0000000781a00000,0x0000000781a00000,0x0000000781c00000)
 ParOldGen       total 62976K, used 21643K [0x0000000700000000, 0x0000000703d80000, 0x0000000780000000)
  object space 62976K, 34% used [0x0000000700000000,0x0000000701522ce0,0x0000000703d80000)
 Metaspace       used 44540K, capacity 44920K, committed 45312K, reserved 1089536K
  class space    used 4475K, capacity 4594K, committed 4608K, reserved 1048576K
Event: 660.036 GC heap after
Heap after GC invocations=110 (full 2):
 PSYoungGen      total 26624K, used 224K [0x0000000780000000, 0x0000000782100000, 0x00000007c0000000)
  eden space 24576K, 0% used [0x0000000780000000,0x0000000780000000,0x0000000781800000)
  from space 2048K, 10% used [0x0000000781a00000,0x0000000781a38000,0x0000000781c00000)
  to   space 2048K, 0% used [0x0000000781800000,0x0000000781800000,0x0000000781a00000)
 ParOldGen       total 62976K, used 21771K [0x0000000700000000, 0x0000000703d80000, 0x0000000780000000)
  object space 62976K, 34% used [0x0000000700000000,0x0000000701542ce0,0x0000000703d80000)
 Metaspace       used 44540K, capacity 44920K, committed 45312K, reserved 1089536K
  class space    used 4475K, capacity 4594K, committed 4608K, reserved 1048576K
}
Event: 660.106 GC heap before
{Heap before GC invocations=111 (full 2):
 PSYoungGen      total 26624K, used 24800K [0x0000000780000000, 0x0000000782100000, 0x00000007c0000000)
  eden space 24576K, 100% used [0x0000000780000000,0x0000000781800000,0x0000000781800000)
  from space 2048K, 10% used [0x0000000781a00000,0x0000000781a38000,0x0000000781c00000)
  to   space 2048K, 0% used [0x0000000781800000,0x0000000781800000,0x0000000781a00000)
 ParOldGen       total 62976K, used 21771K [0x0000000700000000, 0x0000000703d80000, 0x0000000780000000)
  object space 62976K, 34% used [0x0000000700000000,0x0000000701542ce0,0x0000000703d80000)
 Metaspace       used 44583K, capacity 44920K, committed 45312K, reserved 1089536K
  class space    used 4475K, capacity 4594K, committed 4608K, reserved 1048576K
Event: 660.108 GC heap after
Heap after GC invocations=111 (full 2):
 PSYoungGen      total 26624K, used 1152K [0x0000000780000000, 0x0000000782100000, 0x00000007c0000000)
  eden space 24576K, 0% used [0x0000000780000000,0x0000000780000000,0x0000000781800000)
  from space 2048K, 56% used [0x0000000781800000,0x00000007819201f0,0x0000000781a00000)
  to   space 2048K, 0% used [0x0000000781f00000,0x0000000781f00000,0x0000000782100000)
 ParOldGen       total 62976K, used 21883K [0x0000000700000000, 0x0000000703d80000, 0x0000000780000000)
  object space 62976K, 34% used [0x0000000700000000,0x000000070155ece0,0x0000000703d80000)
 Metaspace       used 44583K, capacity 44920K, committed 45312K, reserved 1089536K
  class space    used 4475K, capacity 4594K, committed 4608K, reserved 1048576K
}
Event: 678.673 GC heap before
{Heap before GC invocations=112 (full 2):
 PSYoungGen      total 26624K, used 25728K [0x0000000780000000, 0x0000000782100000, 0x00000007c0000000)
  eden space 24576K, 100% used [0x0000000780000000,0x0000000781800000,0x0000000781800000)
  from space 2048K, 56% used [0x0000000781800000,0x00000007819201f0,0x0000000781a00000)
  to   space 2048K, 0% used [0x0000000781f00000,0x0000000781f00000,0x0000000782100000)
 ParOldGen       total 62976K, used 21883K [0x0000000700000000, 0x0000000703d80000, 0x0000000780000000)
  object space 62976K, 34% used [0x0000000700000000,0x000000070155ece0,0x0000000703d80000)
 Metaspace       used 47175K, capacity 47528K, committed 47872K, reserved 1091584K
  class space    used 4706K, capacity 4822K, committed 4864K, reserved 1048576K
Event: 678.677 GC heap after
Heap after GC invocations=112 (full 2):
 PSYoungGen      total 30720K, used 2035K [0x0000000780000000, 0x0000000782300000, 0x00000007c0000000)
  eden space 28672K, 0% used [0x0000000780000000,0x0000000780000000,0x0000000781c00000)
  from space 2048K, 99% used [0x0000000781f00000,0x00000007820fcd58,0x0000000782100000)
  to   space 3072K, 0% used [0x0000000781c00000,0x0000000781c00000,0x0000000781f00000)
 ParOldGen       total 62976K, used 22484K [0x0000000700000000, 0x0000000703d80000, 0x0000000780000000)
  object space 62976K, 35% used [0x0000000700000000,0x00000007015f5020,0x0000000703d80000)
 Metaspace       used 47175K, capacity 47528K, committed 47872K, reserved 1091584K
  class space    used 4706K, capacity 4822K, committed 4864K, reserved 1048576K
}

